<?xml version="1.0" encoding="UTF-8"?>
<!-- Generated by org.testng.reporters.JUnitXMLReporter -->
<testsuite hostname="NDI-LAP-243" name="Default test" tests="3" failures="0" timestamp="12 Aug 2015 08:23:17 GMT" time="54.602" errors="0">
  <testcase name="loginTest" time="37.979" classname="com.learning.facebook.pom.testCases.LoginTestcase"/>
  <testcase name="loginTest" time="0.001" classname="com.learning.facebook.pom.testCases.LoginTestcase">
    <skipped/>
  </testcase> <!-- loginTest -->
  <testcase name="loginTest" time="15.922" classname="com.learning.facebook.pom.testCases.LoginTestcase"/>
</testsuite> <!-- Default test -->
