<?xml version="1.0" encoding="UTF-8"?>
<testng-results skipped="1" failed="0" total="3" passed="2">
  <reporter-output>
  </reporter-output>
  <suite name="Default suite" duration-ms="54602" started-at="2015-08-12T08:22:22Z" finished-at="2015-08-12T08:23:17Z">
    <groups>
    </groups>
    <test name="Default test" duration-ms="54602" started-at="2015-08-12T08:22:22Z" finished-at="2015-08-12T08:23:17Z">
      <class name="com.learning.facebook.pom.testCases.LoginTestcase">
        <test-method status="PASS" signature="loginTest(java.util.Hashtable)[pri:0, instance:com.learning.facebook.pom.testCases.LoginTestcase@f2c03ac]" name="loginTest" duration-ms="37979" started-at="2015-08-12T13:52:23Z" data-provider="getData" finished-at="2015-08-12T13:53:01Z">
          <params>
            <param index="0">
              <value>
                <![CDATA[{Password=Saluja2203, Runmode=Y, Flag=Y, username=rohit.220390}]]>
              </value>
            </param>
          </params>
          <reporter-output>
          </reporter-output>
        </test-method> <!-- loginTest -->
        <test-method status="SKIP" signature="loginTest(java.util.Hashtable)[pri:0, instance:com.learning.facebook.pom.testCases.LoginTestcase@f2c03ac]" name="loginTest" duration-ms="1" started-at="2015-08-12T13:53:01Z" data-provider="getData" finished-at="2015-08-12T13:53:01Z">
          <params>
            <param index="0">
              <value>
                <![CDATA[{Password=abcdef, Runmode=N, Flag=N, username=rohit.220390}]]>
              </value>
            </param>
          </params>
          <exception class="org.testng.SkipException">
            <message>
              <![CDATA[Runmode set to No for data set]]>
            </message>
            <full-stacktrace>
              <![CDATA[org.testng.SkipException: Runmode set to No for data set
	at com.learning.facebook.pom.testCases.LoginTestcase.loginTest(LoginTestcase.java:29)
	at sun.reflect.NativeMethodAccessorImpl.invoke0(Native Method)
	at sun.reflect.NativeMethodAccessorImpl.invoke(Unknown Source)
	at sun.reflect.DelegatingMethodAccessorImpl.invoke(Unknown Source)
	at java.lang.reflect.Method.invoke(Unknown Source)
	at org.testng.internal.MethodInvocationHelper.invokeMethod(MethodInvocationHelper.java:84)
	at org.testng.internal.Invoker.invokeMethod(Invoker.java:714)
	at org.testng.internal.Invoker.invokeTestMethod(Invoker.java:901)
	at org.testng.internal.Invoker.invokeTestMethods(Invoker.java:1231)
	at org.testng.internal.TestMethodWorker.invokeTestMethods(TestMethodWorker.java:127)
	at org.testng.internal.TestMethodWorker.run(TestMethodWorker.java:111)
	at org.testng.TestRunner.privateRun(TestRunner.java:767)
	at org.testng.TestRunner.run(TestRunner.java:617)
	at org.testng.SuiteRunner.runTest(SuiteRunner.java:334)
	at org.testng.SuiteRunner.runSequentially(SuiteRunner.java:329)
	at org.testng.SuiteRunner.privateRun(SuiteRunner.java:291)
	at org.testng.SuiteRunner.run(SuiteRunner.java:240)
	at org.testng.SuiteRunnerWorker.runSuite(SuiteRunnerWorker.java:52)
	at org.testng.SuiteRunnerWorker.run(SuiteRunnerWorker.java:86)
	at org.testng.TestNG.runSuitesSequentially(TestNG.java:1224)
	at org.testng.TestNG.runSuitesLocally(TestNG.java:1149)
	at org.testng.TestNG.run(TestNG.java:1057)
	at org.testng.remote.RemoteTestNG.run(RemoteTestNG.java:111)
	at org.testng.remote.RemoteTestNG.initAndRun(RemoteTestNG.java:204)
	at org.testng.remote.RemoteTestNG.main(RemoteTestNG.java:175)
]]>
            </full-stacktrace>
          </exception> <!-- org.testng.SkipException -->
          <reporter-output>
          </reporter-output>
        </test-method> <!-- loginTest -->
        <test-method status="PASS" signature="loginTest(java.util.Hashtable)[pri:0, instance:com.learning.facebook.pom.testCases.LoginTestcase@f2c03ac]" name="loginTest" duration-ms="15922" started-at="2015-08-12T13:53:01Z" data-provider="getData" finished-at="2015-08-12T13:53:17Z">
          <params>
            <param index="0">
              <value>
                <![CDATA[{Password=fxfff, Runmode=Y, Flag=N, username=cchgc}]]>
              </value>
            </param>
          </params>
          <reporter-output>
          </reporter-output>
        </test-method> <!-- loginTest -->
      </class> <!-- com.learning.facebook.pom.testCases.LoginTestcase -->
    </test> <!-- Default test -->
  </suite> <!-- Default suite -->
</testng-results>
